<?xml version="1.0" encoding="UTF-8"?>
<coverage generated="1701549642441" clover="3.2.0">
  <project timestamp="1701549642441" name="All files">
    <metrics statements="113" coveredstatements="102" conditionals="38" coveredconditionals="31" methods="43" coveredmethods="35" elements="194" coveredelements="168" complexity="0" loc="113" ncloc="113" packages="2" files="4" classes="4"/>
    <package name="src">
      <metrics statements="64" coveredstatements="64" conditionals="24" coveredconditionals="21" methods="23" coveredmethods="23"/>
      <file name="App.jsx" path="/Users/voldem/Documents/Projects/react/benefits_employees_second/src/App.jsx">
        <metrics statements="53" coveredstatements="53" conditionals="18" coveredconditionals="16" methods="20" coveredmethods="20"/>
        <line num="7" count="1" type="stmt"/>
        <line num="8" count="11" type="stmt"/>
        <line num="9" count="11" type="stmt"/>
        <line num="10" count="11" type="cond" truecount="2" falsecount="0"/>
        <line num="13" count="11" type="stmt"/>
        <line num="14" count="6" type="stmt"/>
        <line num="17" count="11" type="stmt"/>
        <line num="18" count="11" type="stmt"/>
        <line num="19" count="11" type="stmt"/>
        <line num="20" count="11" type="stmt"/>
        <line num="21" count="11" type="stmt"/>
        <line num="23" count="11" type="stmt"/>
        <line num="24" count="3" type="cond" truecount="1" falsecount="1"/>
        <line num="25" count="3" type="stmt"/>
        <line num="26" count="3" type="stmt"/>
        <line num="28" count="3" type="stmt"/>
        <line num="35" count="11" type="stmt"/>
        <line num="36" count="6" type="stmt"/>
        <line num="39" count="11" type="stmt"/>
        <line num="40" count="1" type="stmt"/>
        <line num="43" count="11" type="cond" truecount="2" falsecount="0"/>
        <line num="45" count="5" type="stmt"/>
        <line num="49" count="11" type="stmt"/>
        <line num="50" count="3" type="stmt"/>
        <line num="51" count="3" type="stmt"/>
        <line num="54" count="11" type="stmt"/>
        <line num="55" count="3" type="stmt"/>
        <line num="56" count="3" type="stmt"/>
        <line num="59" count="11" type="stmt"/>
        <line num="60" count="2" type="stmt"/>
        <line num="61" count="1" type="cond" truecount="1" falsecount="1"/>
        <line num="62" count="1" type="stmt"/>
        <line num="64" count="2" type="stmt"/>
        <line num="67" count="11" type="stmt"/>
        <line num="68" count="1" type="stmt"/>
        <line num="74" count="1" type="stmt"/>
        <line num="78" count="1" type="stmt"/>
        <line num="81" count="11" type="stmt"/>
        <line num="82" count="1" type="stmt"/>
        <line num="88" count="1" type="stmt"/>
        <line num="91" count="6" type="cond" truecount="2" falsecount="0"/>
        <line num="94" count="1" type="stmt"/>
        <line num="95" count="1" type="stmt"/>
        <line num="98" count="11" type="stmt"/>
        <line num="99" count="1" type="stmt"/>
        <line num="100" count="1" type="stmt"/>
        <line num="103" count="11" type="stmt"/>
        <line num="104" count="22" type="cond" truecount="2" falsecount="0"/>
        <line num="107" count="22" type="stmt"/>
        <line num="108" count="116" type="stmt"/>
        <line num="109" count="116" type="stmt"/>
        <line num="113" count="11" type="stmt"/>
        <line num="136" count="33" type="stmt"/>
      </file>
      <file name="calculateBenefitsCost.js" path="/Users/voldem/Documents/Projects/react/benefits_employees_second/src/calculateBenefitsCost.js">
        <metrics statements="11" coveredstatements="11" conditionals="6" coveredconditionals="5" methods="3" coveredmethods="3"/>
        <line num="1" count="2" type="stmt"/>
        <line num="2" count="177" type="stmt"/>
        <line num="3" count="177" type="stmt"/>
        <line num="4" count="177" type="stmt"/>
        <line num="6" count="426" type="cond" truecount="2" falsecount="0"/>
        <line num="8" count="177" type="stmt"/>
        <line num="9" count="177" type="cond" truecount="3" falsecount="1"/>
        <line num="10" count="177" type="stmt"/>
        <line num="12" count="249" type="stmt"/>
        <line num="17" count="177" type="stmt"/>
        <line num="18" count="177" type="stmt"/>
      </file>
    </package>
    <package name="src.components">
      <metrics statements="49" coveredstatements="38" conditionals="14" coveredconditionals="10" methods="20" coveredmethods="12"/>
      <file name="EmployeeEditor.jsx" path="/Users/voldem/Documents/Projects/react/benefits_employees_second/src/components/EmployeeEditor.jsx">
        <metrics statements="43" coveredstatements="32" conditionals="12" coveredconditionals="8" methods="16" coveredmethods="8"/>
        <line num="3" count="1" type="stmt"/>
        <line num="9" count="9" type="stmt"/>
        <line num="10" count="9" type="stmt"/>
        <line num="11" count="9" type="stmt"/>
        <line num="12" count="9" type="stmt"/>
        <line num="14" count="9" type="stmt"/>
        <line num="15" count="3" type="cond" truecount="2" falsecount="0"/>
        <line num="16" count="1" type="stmt"/>
        <line num="17" count="1" type="stmt"/>
        <line num="18" count="1" type="stmt"/>
        <line num="19" count="1" type="cond" truecount="1" falsecount="1"/>
        <line num="21" count="2" type="stmt"/>
        <line num="22" count="2" type="stmt"/>
        <line num="23" count="2" type="stmt"/>
        <line num="27" count="9" type="stmt"/>
        <line num="28" count="0" type="stmt"/>
        <line num="31" count="9" type="stmt"/>
        <line num="32" count="0" type="stmt"/>
        <line num="33" count="0" type="cond" truecount="0" falsecount="2"/>
        <line num="34" count="0" type="stmt"/>
        <line num="36" count="0" type="stmt"/>
        <line num="38" count="0" type="stmt"/>
        <line num="41" count="9" type="stmt"/>
        <line num="42" count="0" type="stmt"/>
        <line num="45" count="9" type="stmt"/>
        <line num="46" count="2" type="stmt"/>
        <line num="47" count="2" type="cond" truecount="3" falsecount="1"/>
        <line num="48" count="2" type="stmt"/>
        <line num="49" count="2" type="stmt"/>
        <line num="50" count="2" type="stmt"/>
        <line num="51" count="2" type="stmt"/>
        <line num="53" count="0" type="stmt"/>
        <line num="57" count="9" type="stmt"/>
        <line num="58" count="1" type="stmt"/>
        <line num="59" count="1" type="stmt"/>
        <line num="62" count="9" type="stmt"/>
        <line num="80" count="2" type="stmt"/>
        <line num="97" count="1" type="stmt"/>
        <line num="101" count="27" type="stmt"/>
        <line num="110" count="2" type="stmt"/>
        <line num="121" count="0" type="stmt"/>
        <line num="130" count="0" type="stmt"/>
        <line num="138" count="0" type="stmt"/>
      </file>
      <file name="EmployeeList.jsx" path="/Users/voldem/Documents/Projects/react/benefits_employees_second/src/components/EmployeeList.jsx">
        <metrics statements="6" coveredstatements="6" conditionals="2" coveredconditionals="2" methods="4" coveredmethods="4"/>
        <line num="4" count="1" type="stmt"/>
        <line num="5" count="11" type="stmt"/>
        <line num="10" count="58" type="stmt"/>
        <line num="12" count="58" type="stmt"/>
        <line num="20" count="82" type="stmt"/>
        <line num="26" count="1" type="stmt"/>
      </file>
    </package>
  </project>
</coverage>
