{"/Users/voldem/Documents/Projects/react/benefits_employees_second/src/App.jsx": {"path":"/Users/voldem/Documents/Projects/react/benefits_employees_second/src/App.jsx","statementMap":{"0":{"start":{"line":7,"column":12},"end":{"line":173,"column":1}},"1":{"start":{"line":8,"column":19},"end":{"line":11,"column":3}},"2":{"start":{"line":9,"column":22},"end":{"line":9,"column":58}},"3":{"start":{"line":10,"column":4},"end":{"line":10,"column":58}},"4":{"start":{"line":13,"column":19},"end":{"line":15,"column":3}},"5":{"start":{"line":14,"column":4},"end":{"line":14,"column":68}},"6":{"start":{"line":17,"column":26},"end":{"line":17,"column":46}},"7":{"start":{"line":18,"column":48},"end":{"line":18,"column":62}},"8":{"start":{"line":19,"column":42},"end":{"line":19,"column":57}},"9":{"start":{"line":20,"column":58},"end":{"line":20,"column":70}},"10":{"start":{"line":21,"column":32},"end":{"line":21,"column":44}},"11":{"start":{"line":23,"column":28},"end":{"line":33,"column":3}},"12":{"start":{"line":24,"column":4},"end":{"line":32,"column":5}},"13":{"start":{"line":25,"column":24},"end":{"line":25,"column":63}},"14":{"start":{"line":26,"column":21},"end":{"line":26,"column":24}},"15":{"start":{"line":28,"column":6},"end":{"line":31,"column":8}},"16":{"start":{"line":35,"column":2},"end":{"line":37,"column":12}},"17":{"start":{"line":36,"column":4},"end":{"line":36,"column":18}},"18":{"start":{"line":39,"column":33},"end":{"line":41,"column":3}},"19":{"start":{"line":40,"column":4},"end":{"line":40,"column":43}},"20":{"start":{"line":43,"column":28},"end":{"line":47,"column":20}},"21":{"start":{"line":45,"column":22},"end":{"line":45,"column":79}},"22":{"start":{"line":49,"column":21},"end":{"line":52,"column":3}},"23":{"start":{"line":50,"column":4},"end":{"line":50,"column":23}},"24":{"start":{"line":51,"column":4},"end":{"line":51,"column":25}},"25":{"start":{"line":54,"column":22},"end":{"line":57,"column":3}},"26":{"start":{"line":55,"column":4},"end":{"line":55,"column":26}},"27":{"start":{"line":56,"column":4},"end":{"line":56,"column":28}},"28":{"start":{"line":59,"column":29},"end":{"line":65,"column":3}},"29":{"start":{"line":60,"column":16},"end":{"line":63,"column":10}},"30":{"start":{"line":61,"column":6},"end":{"line":61,"column":46}},"31":{"start":{"line":61,"column":32},"end":{"line":61,"column":46}},"32":{"start":{"line":62,"column":6},"end":{"line":62,"column":16}},"33":{"start":{"line":64,"column":4},"end":{"line":64,"column":14}},"34":{"start":{"line":67,"column":22},"end":{"line":79,"column":3}},"35":{"start":{"line":68,"column":24},"end":{"line":73,"column":5}},"36":{"start":{"line":74,"column":4},"end":{"line":77,"column":7}},"37":{"start":{"line":74,"column":27},"end":{"line":77,"column":5}},"38":{"start":{"line":78,"column":4},"end":{"line":78,"column":17}},"39":{"start":{"line":81,"column":23},"end":{"line":96,"column":3}},"40":{"start":{"line":82,"column":28},"end":{"line":87,"column":5}},"41":{"start":{"line":88,"column":4},"end":{"line":93,"column":7}},"42":{"start":{"line":88,"column":27},"end":{"line":93,"column":5}},"43":{"start":{"line":91,"column":8},"end":{"line":91,"column":55}},"44":{"start":{"line":94,"column":4},"end":{"line":94,"column":28}},"45":{"start":{"line":95,"column":4},"end":{"line":95,"column":17}},"46":{"start":{"line":98,"column":31},"end":{"line":101,"column":3}},"47":{"start":{"line":99,"column":4},"end":{"line":99,"column":32}},"48":{"start":{"line":100,"column":4},"end":{"line":100,"column":16}},"49":{"start":{"line":103,"column":41},"end":{"line":111,"column":3}},"50":{"start":{"line":104,"column":33},"end":{"line":106,"column":22}},"51":{"start":{"line":107,"column":4},"end":{"line":110,"column":9}},"52":{"start":{"line":108,"column":29},"end":{"line":108,"column":60}},"53":{"start":{"line":109,"column":6},"end":{"line":109,"column":31}},"54":{"start":{"line":113,"column":2},"end":{"line":172,"column":3}},"55":{"start":{"line":136,"column":12},"end":{"line":138,"column":21}}},"fnMap":{"0":{"name":"(anonymous_0)","decl":{"start":{"line":7,"column":12},"end":{"line":7,"column":13}},"loc":{"start":{"line":7,"column":18},"end":{"line":173,"column":1}},"line":7},"1":{"name":"(anonymous_1)","decl":{"start":{"line":8,"column":19},"end":{"line":8,"column":20}},"loc":{"start":{"line":8,"column":25},"end":{"line":11,"column":3}},"line":8},"2":{"name":"(anonymous_2)","decl":{"start":{"line":13,"column":19},"end":{"line":13,"column":20}},"loc":{"start":{"line":13,"column":35},"end":{"line":15,"column":3}},"line":13},"3":{"name":"(anonymous_3)","decl":{"start":{"line":23,"column":28},"end":{"line":23,"column":29}},"loc":{"start":{"line":23,"column":34},"end":{"line":33,"column":3}},"line":23},"4":{"name":"(anonymous_4)","decl":{"start":{"line":35,"column":12},"end":{"line":35,"column":13}},"loc":{"start":{"line":35,"column":18},"end":{"line":37,"column":3}},"line":35},"5":{"name":"(anonymous_5)","decl":{"start":{"line":39,"column":33},"end":{"line":39,"column":34}},"loc":{"start":{"line":39,"column":40},"end":{"line":41,"column":3}},"line":39},"6":{"name":"(anonymous_6)","decl":{"start":{"line":45,"column":8},"end":{"line":45,"column":9}},"loc":{"start":{"line":45,"column":22},"end":{"line":45,"column":79}},"line":45},"7":{"name":"(anonymous_7)","decl":{"start":{"line":49,"column":21},"end":{"line":49,"column":22}},"loc":{"start":{"line":49,"column":27},"end":{"line":52,"column":3}},"line":49},"8":{"name":"(anonymous_8)","decl":{"start":{"line":54,"column":22},"end":{"line":54,"column":23}},"loc":{"start":{"line":54,"column":28},"end":{"line":57,"column":3}},"line":54},"9":{"name":"(anonymous_9)","decl":{"start":{"line":59,"column":29},"end":{"line":59,"column":30}},"loc":{"start":{"line":59,"column":45},"end":{"line":65,"column":3}},"line":59},"10":{"name":"(anonymous_10)","decl":{"start":{"line":60,"column":34},"end":{"line":60,"column":35}},"loc":{"start":{"line":60,"column":49},"end":{"line":63,"column":5}},"line":60},"11":{"name":"(anonymous_11)","decl":{"start":{"line":67,"column":22},"end":{"line":67,"column":23}},"loc":{"start":{"line":67,"column":58},"end":{"line":79,"column":3}},"line":67},"12":{"name":"(anonymous_12)","decl":{"start":{"line":74,"column":12},"end":{"line":74,"column":13}},"loc":{"start":{"line":74,"column":27},"end":{"line":77,"column":5}},"line":74},"13":{"name":"(anonymous_13)","decl":{"start":{"line":81,"column":23},"end":{"line":81,"column":24}},"loc":{"start":{"line":81,"column":63},"end":{"line":96,"column":3}},"line":81},"14":{"name":"(anonymous_14)","decl":{"start":{"line":88,"column":12},"end":{"line":88,"column":13}},"loc":{"start":{"line":88,"column":27},"end":{"line":93,"column":5}},"line":88},"15":{"name":"(anonymous_15)","decl":{"start":{"line":90,"column":40},"end":{"line":90,"column":41}},"loc":{"start":{"line":91,"column":8},"end":{"line":91,"column":55}},"line":91},"16":{"name":"(anonymous_16)","decl":{"start":{"line":98,"column":31},"end":{"line":98,"column":32}},"loc":{"start":{"line":98,"column":45},"end":{"line":101,"column":3}},"line":98},"17":{"name":"(anonymous_17)","decl":{"start":{"line":103,"column":41},"end":{"line":103,"column":42}},"loc":{"start":{"line":103,"column":47},"end":{"line":111,"column":3}},"line":103},"18":{"name":"(anonymous_18)","decl":{"start":{"line":107,"column":39},"end":{"line":107,"column":40}},"loc":{"start":{"line":107,"column":60},"end":{"line":110,"column":5}},"line":107},"19":{"name":"(anonymous_19)","decl":{"start":{"line":135,"column":32},"end":{"line":135,"column":33}},"loc":{"start":{"line":136,"column":12},"end":{"line":138,"column":21}},"line":136}},"branchMap":{"0":{"loc":{"start":{"line":10,"column":11},"end":{"line":10,"column":58}},"type":"cond-expr","locations":[{"start":{"line":10,"column":23},"end":{"line":10,"column":44}},{"start":{"line":10,"column":47},"end":{"line":10,"column":58}}],"line":10},"1":{"loc":{"start":{"line":24,"column":4},"end":{"line":32,"column":5}},"type":"if","locations":[{"start":{"line":24,"column":4},"end":{"line":32,"column":5}},{"start":{},"end":{}}],"line":24},"2":{"loc":{"start":{"line":43,"column":28},"end":{"line":47,"column":20}},"type":"cond-expr","locations":[{"start":{"line":44,"column":6},"end":{"line":46,"column":7}},{"start":{"line":47,"column":6},"end":{"line":47,"column":20}}],"line":43},"3":{"loc":{"start":{"line":61,"column":6},"end":{"line":61,"column":46}},"type":"if","locations":[{"start":{"line":61,"column":6},"end":{"line":61,"column":46}},{"start":{},"end":{}}],"line":61},"4":{"loc":{"start":{"line":91,"column":8},"end":{"line":91,"column":55}},"type":"cond-expr","locations":[{"start":{"line":91,"column":29},"end":{"line":91,"column":44}},{"start":{"line":91,"column":47},"end":{"line":91,"column":55}}],"line":91},"5":{"loc":{"start":{"line":104,"column":33},"end":{"line":106,"column":22}},"type":"cond-expr","locations":[{"start":{"line":105,"column":8},"end":{"line":105,"column":25}},{"start":{"line":106,"column":8},"end":{"line":106,"column":22}}],"line":104},"6":{"loc":{"start":{"line":151,"column":11},"end":{"line":158,"column":11}},"type":"binary-expr","locations":[{"start":{"line":151,"column":11},"end":{"line":151,"column":23}},{"start":{"line":152,"column":12},"end":{"line":157,"column":14}}],"line":151},"7":{"loc":{"start":{"line":153,"column":35},"end":{"line":153,"column":79}},"type":"cond-expr","locations":[{"start":{"line":153,"column":53},"end":{"line":153,"column":65}},{"start":{"line":153,"column":68},"end":{"line":153,"column":79}}],"line":153},"8":{"loc":{"start":{"line":164,"column":14},"end":{"line":164,"column":71}},"type":"cond-expr","locations":[{"start":{"line":164,"column":37},"end":{"line":164,"column":54}},{"start":{"line":164,"column":57},"end":{"line":164,"column":71}}],"line":164}},"s":{"0":1,"1":11,"2":11,"3":11,"4":11,"5":6,"6":11,"7":11,"8":11,"9":11,"10":11,"11":11,"12":3,"13":3,"14":3,"15":3,"16":11,"17":6,"18":11,"19":1,"20":11,"21":5,"22":11,"23":3,"24":3,"25":11,"26":3,"27":3,"28":11,"29":2,"30":1,"31":1,"32":1,"33":2,"34":11,"35":1,"36":1,"37":1,"38":1,"39":11,"40":1,"41":1,"42":1,"43":6,"44":1,"45":1,"46":11,"47":1,"48":1,"49":11,"50":22,"51":22,"52":116,"53":116,"54":11,"55":33},"f":{"0":11,"1":11,"2":6,"3":3,"4":6,"5":1,"6":5,"7":3,"8":3,"9":2,"10":1,"11":1,"12":1,"13":1,"14":1,"15":6,"16":1,"17":22,"18":116,"19":33},"b":{"0":[10,1],"1":[3,0],"2":[1,10],"3":[1,0],"4":[1,5],"5":[2,20],"6":[11,3],"7":[1,2],"8":[1,10]},"_coverageSchema":"1a1c01bbd47fc00a2c39e90264f33305004495a9","hash":"8e156cd24914f05658ef1553788577f2cc375aab"}
,"/Users/voldem/Documents/Projects/react/benefits_employees_second/src/calculateBenefitsCost.js": {"path":"/Users/voldem/Documents/Projects/react/benefits_employees_second/src/calculateBenefitsCost.js","statementMap":{"0":{"start":{"line":1,"column":37},"end":{"line":19,"column":1}},"1":{"start":{"line":2,"column":29},"end":{"line":2,"column":33}},"2":{"start":{"line":3,"column":30},"end":{"line":3,"column":33}},"3":{"start":{"line":4,"column":27},"end":{"line":4,"column":29}},"4":{"start":{"line":6,"column":19},"end":{"line":6,"column":62}},"5":{"start":{"line":6,"column":30},"end":{"line":6,"column":61}},"6":{"start":{"line":8,"column":24},"end":{"line":8,"column":68}},"7":{"start":{"line":9,"column":2},"end":{"line":15,"column":3}},"8":{"start":{"line":10,"column":4},"end":{"line":14,"column":5}},"9":{"start":{"line":12,"column":8},"end":{"line":12,"column":62}},"10":{"start":{"line":17,"column":26},"end":{"line":17,"column":60}},"11":{"start":{"line":18,"column":2},"end":{"line":18,"column":74}}},"fnMap":{"0":{"name":"(anonymous_0)","decl":{"start":{"line":1,"column":37},"end":{"line":1,"column":38}},"loc":{"start":{"line":1,"column":51},"end":{"line":19,"column":1}},"line":1},"1":{"name":"(anonymous_1)","decl":{"start":{"line":6,"column":19},"end":{"line":6,"column":20}},"loc":{"start":{"line":6,"column":30},"end":{"line":6,"column":61}},"line":6},"2":{"name":"(anonymous_2)","decl":{"start":{"line":11,"column":6},"end":{"line":11,"column":7}},"loc":{"start":{"line":12,"column":8},"end":{"line":12,"column":62}},"line":12}},"branchMap":{"0":{"loc":{"start":{"line":6,"column":30},"end":{"line":6,"column":61}},"type":"cond-expr","locations":[{"start":{"line":6,"column":54},"end":{"line":6,"column":57}},{"start":{"line":6,"column":60},"end":{"line":6,"column":61}}],"line":6},"1":{"loc":{"start":{"line":9,"column":2},"end":{"line":15,"column":3}},"type":"if","locations":[{"start":{"line":9,"column":2},"end":{"line":15,"column":3}},{"start":{},"end":{}}],"line":9},"2":{"loc":{"start":{"line":9,"column":6},"end":{"line":9,"column":63}},"type":"binary-expr","locations":[{"start":{"line":9,"column":6},"end":{"line":9,"column":25}},{"start":{"line":9,"column":29},"end":{"line":9,"column":63}}],"line":9}},"s":{"0":2,"1":177,"2":177,"3":177,"4":177,"5":426,"6":177,"7":177,"8":177,"9":249,"10":177,"11":177},"f":{"0":177,"1":426,"2":249},"b":{"0":[95,331],"1":[177,0],"2":[177,177]},"_coverageSchema":"1a1c01bbd47fc00a2c39e90264f33305004495a9","hash":"9b499a8031d0586b281f544539dabd48d0c746fb"}
,"/Users/voldem/Documents/Projects/react/benefits_employees_second/src/components/EmployeeEditor.jsx": {"path":"/Users/voldem/Documents/Projects/react/benefits_employees_second/src/components/EmployeeEditor.jsx","statementMap":{"0":{"start":{"line":3,"column":23},"end":{"line":171,"column":1}},"1":{"start":{"line":9,"column":22},"end":{"line":9,"column":34}},"2":{"start":{"line":10,"column":26},"end":{"line":10,"column":38}},"3":{"start":{"line":11,"column":42},"end":{"line":11,"column":54}},"4":{"start":{"line":12,"column":38},"end":{"line":12,"column":50}},"5":{"start":{"line":14,"column":2},"end":{"line":25,"column":23}},"6":{"start":{"line":15,"column":4},"end":{"line":24,"column":5}},"7":{"start":{"line":16,"column":6},"end":{"line":16,"column":31}},"8":{"start":{"line":17,"column":6},"end":{"line":17,"column":35}},"9":{"start":{"line":18,"column":6},"end":{"line":18,"column":62}},"10":{"start":{"line":19,"column":6},"end":{"line":19,"column":53}},"11":{"start":{"line":21,"column":6},"end":{"line":21,"column":17}},"12":{"start":{"line":22,"column":6},"end":{"line":22,"column":25}},"13":{"start":{"line":23,"column":6},"end":{"line":23,"column":23}},"14":{"start":{"line":27,"column":29},"end":{"line":29,"column":3}},"15":{"start":{"line":28,"column":4},"end":{"line":28,"column":62}},"16":{"start":{"line":31,"column":32},"end":{"line":39,"column":3}},"17":{"start":{"line":32,"column":30},"end":{"line":37,"column":6}},"18":{"start":{"line":33,"column":6},"end":{"line":35,"column":7}},"19":{"start":{"line":34,"column":8},"end":{"line":34,"column":47}},"20":{"start":{"line":36,"column":6},"end":{"line":36,"column":22}},"21":{"start":{"line":38,"column":4},"end":{"line":38,"column":36}},"22":{"start":{"line":41,"column":32},"end":{"line":43,"column":3}},"23":{"start":{"line":42,"column":4},"end":{"line":42,"column":59}},"24":{"start":{"line":42,"column":46},"end":{"line":42,"column":57}},"25":{"start":{"line":45,"column":23},"end":{"line":55,"column":3}},"26":{"start":{"line":46,"column":4},"end":{"line":46,"column":26}},"27":{"start":{"line":47,"column":4},"end":{"line":54,"column":5}},"28":{"start":{"line":48,"column":6},"end":{"line":48,"column":61}},"29":{"start":{"line":49,"column":6},"end":{"line":49,"column":17}},"30":{"start":{"line":50,"column":6},"end":{"line":50,"column":25}},"31":{"start":{"line":51,"column":6},"end":{"line":51,"column":23}},"32":{"start":{"line":53,"column":6},"end":{"line":53,"column":48}},"33":{"start":{"line":57,"column":22},"end":{"line":60,"column":3}},"34":{"start":{"line":58,"column":4},"end":{"line":58,"column":22}},"35":{"start":{"line":59,"column":4},"end":{"line":59,"column":13}},"36":{"start":{"line":62,"column":2},"end":{"line":170,"column":3}},"37":{"start":{"line":80,"column":27},"end":{"line":80,"column":50}},"38":{"start":{"line":97,"column":27},"end":{"line":97,"column":58}},"39":{"start":{"line":101,"column":12},"end":{"line":103,"column":21}},"40":{"start":{"line":110,"column":8},"end":{"line":143,"column":14}},"41":{"start":{"line":121,"column":16},"end":{"line":121,"column":68}},"42":{"start":{"line":130,"column":16},"end":{"line":130,"column":72}},"43":{"start":{"line":138,"column":29},"end":{"line":138,"column":57}}},"fnMap":{"0":{"name":"(anonymous_0)","decl":{"start":{"line":3,"column":23},"end":{"line":3,"column":24}},"loc":{"start":{"line":8,"column":6},"end":{"line":171,"column":1}},"line":8},"1":{"name":"(anonymous_1)","decl":{"start":{"line":14,"column":12},"end":{"line":14,"column":13}},"loc":{"start":{"line":14,"column":18},"end":{"line":25,"column":3}},"line":14},"2":{"name":"(anonymous_2)","decl":{"start":{"line":27,"column":29},"end":{"line":27,"column":30}},"loc":{"start":{"line":27,"column":35},"end":{"line":29,"column":3}},"line":27},"3":{"name":"(anonymous_3)","decl":{"start":{"line":31,"column":32},"end":{"line":31,"column":33}},"loc":{"start":{"line":31,"column":57},"end":{"line":39,"column":3}},"line":31},"4":{"name":"(anonymous_4)","decl":{"start":{"line":32,"column":45},"end":{"line":32,"column":46}},"loc":{"start":{"line":32,"column":63},"end":{"line":37,"column":5}},"line":32},"5":{"name":"(anonymous_5)","decl":{"start":{"line":41,"column":32},"end":{"line":41,"column":33}},"loc":{"start":{"line":41,"column":43},"end":{"line":43,"column":3}},"line":41},"6":{"name":"(anonymous_6)","decl":{"start":{"line":42,"column":36},"end":{"line":42,"column":37}},"loc":{"start":{"line":42,"column":46},"end":{"line":42,"column":57}},"line":42},"7":{"name":"(anonymous_7)","decl":{"start":{"line":45,"column":23},"end":{"line":45,"column":24}},"loc":{"start":{"line":45,"column":34},"end":{"line":55,"column":3}},"line":45},"8":{"name":"(anonymous_8)","decl":{"start":{"line":57,"column":22},"end":{"line":57,"column":23}},"loc":{"start":{"line":57,"column":29},"end":{"line":60,"column":3}},"line":57},"9":{"name":"(anonymous_9)","decl":{"start":{"line":80,"column":20},"end":{"line":80,"column":21}},"loc":{"start":{"line":80,"column":27},"end":{"line":80,"column":50}},"line":80},"10":{"name":"(anonymous_10)","decl":{"start":{"line":97,"column":20},"end":{"line":97,"column":21}},"loc":{"start":{"line":97,"column":27},"end":{"line":97,"column":58}},"line":97},"11":{"name":"(anonymous_11)","decl":{"start":{"line":100,"column":27},"end":{"line":100,"column":28}},"loc":{"start":{"line":101,"column":12},"end":{"line":103,"column":21}},"line":101},"12":{"name":"(anonymous_12)","decl":{"start":{"line":109,"column":22},"end":{"line":109,"column":23}},"loc":{"start":{"line":110,"column":8},"end":{"line":143,"column":14}},"line":110},"13":{"name":"(anonymous_13)","decl":{"start":{"line":120,"column":24},"end":{"line":120,"column":25}},"loc":{"start":{"line":121,"column":16},"end":{"line":121,"column":68}},"line":121},"14":{"name":"(anonymous_14)","decl":{"start":{"line":129,"column":24},"end":{"line":129,"column":25}},"loc":{"start":{"line":130,"column":16},"end":{"line":130,"column":72}},"line":130},"15":{"name":"(anonymous_15)","decl":{"start":{"line":138,"column":23},"end":{"line":138,"column":24}},"loc":{"start":{"line":138,"column":29},"end":{"line":138,"column":57}},"line":138}},"branchMap":{"0":{"loc":{"start":{"line":15,"column":4},"end":{"line":24,"column":5}},"type":"if","locations":[{"start":{"line":15,"column":4},"end":{"line":24,"column":5}},{"start":{"line":20,"column":11},"end":{"line":24,"column":5}}],"line":15},"1":{"loc":{"start":{"line":19,"column":20},"end":{"line":19,"column":52}},"type":"binary-expr","locations":[{"start":{"line":19,"column":20},"end":{"line":19,"column":46}},{"start":{"line":19,"column":50},"end":{"line":19,"column":52}}],"line":19},"2":{"loc":{"start":{"line":33,"column":6},"end":{"line":35,"column":7}},"type":"if","locations":[{"start":{"line":33,"column":6},"end":{"line":35,"column":7}},{"start":{},"end":{}}],"line":33},"3":{"loc":{"start":{"line":47,"column":4},"end":{"line":54,"column":5}},"type":"if","locations":[{"start":{"line":47,"column":4},"end":{"line":54,"column":5}},{"start":{"line":52,"column":11},"end":{"line":54,"column":5}}],"line":47},"4":{"loc":{"start":{"line":47,"column":8},"end":{"line":47,"column":28}},"type":"binary-expr","locations":[{"start":{"line":47,"column":8},"end":{"line":47,"column":12}},{"start":{"line":47,"column":16},"end":{"line":47,"column":28}}],"line":47},"5":{"loc":{"start":{"line":160,"column":11},"end":{"line":160,"column":45}},"type":"cond-expr","locations":[{"start":{"line":160,"column":29},"end":{"line":160,"column":37}},{"start":{"line":160,"column":40},"end":{"line":160,"column":45}}],"line":160}},"s":{"0":1,"1":9,"2":9,"3":9,"4":9,"5":9,"6":3,"7":1,"8":1,"9":1,"10":1,"11":2,"12":2,"13":2,"14":9,"15":0,"16":9,"17":0,"18":0,"19":0,"20":0,"21":0,"22":9,"23":0,"24":0,"25":9,"26":2,"27":2,"28":2,"29":2,"30":2,"31":2,"32":0,"33":9,"34":1,"35":1,"36":9,"37":2,"38":1,"39":27,"40":2,"41":0,"42":0,"43":0},"f":{"0":9,"1":3,"2":0,"3":0,"4":0,"5":0,"6":0,"7":2,"8":1,"9":2,"10":1,"11":27,"12":2,"13":0,"14":0,"15":0},"b":{"0":[1,2],"1":[1,0],"2":[0,0],"3":[2,0],"4":[2,2],"5":[3,6]},"_coverageSchema":"1a1c01bbd47fc00a2c39e90264f33305004495a9","hash":"4357641e261d289536b5c1d55e1eff5e11a66b6a"}
,"/Users/voldem/Documents/Projects/react/benefits_employees_second/src/components/EmployeeList.jsx": {"path":"/Users/voldem/Documents/Projects/react/benefits_employees_second/src/components/EmployeeList.jsx","statementMap":{"0":{"start":{"line":4,"column":21},"end":{"line":44,"column":1}},"1":{"start":{"line":5,"column":2},"end":{"line":43,"column":3}},"2":{"start":{"line":10,"column":48},"end":{"line":10,"column":79}},"3":{"start":{"line":12,"column":8},"end":{"line":35,"column":9}},"4":{"start":{"line":20,"column":51},"end":{"line":20,"column":57}},"5":{"start":{"line":26,"column":31},"end":{"line":26,"column":55}}},"fnMap":{"0":{"name":"(anonymous_0)","decl":{"start":{"line":4,"column":21},"end":{"line":4,"column":22}},"loc":{"start":{"line":4,"column":63},"end":{"line":44,"column":1}},"line":4},"1":{"name":"(anonymous_1)","decl":{"start":{"line":9,"column":21},"end":{"line":9,"column":22}},"loc":{"start":{"line":9,"column":35},"end":{"line":36,"column":7}},"line":9},"2":{"name":"(anonymous_2)","decl":{"start":{"line":20,"column":44},"end":{"line":20,"column":45}},"loc":{"start":{"line":20,"column":51},"end":{"line":20,"column":57}},"line":20},"3":{"name":"(anonymous_3)","decl":{"start":{"line":26,"column":25},"end":{"line":26,"column":26}},"loc":{"start":{"line":26,"column":31},"end":{"line":26,"column":55}},"line":26}},"branchMap":{"0":{"loc":{"start":{"line":19,"column":19},"end":{"line":20,"column":69}},"type":"binary-expr","locations":[{"start":{"line":19,"column":19},"end":{"line":19,"column":38}},{"start":{"line":20,"column":20},"end":{"line":20,"column":69}}],"line":19}},"s":{"0":1,"1":11,"2":58,"3":58,"4":82,"5":1},"f":{"0":11,"1":58,"2":82,"3":1},"b":{"0":[58,58]},"_coverageSchema":"1a1c01bbd47fc00a2c39e90264f33305004495a9","hash":"e8612e5184c89565771412915602fa9d430f436b"}
}
