TN:
SF:src/App.jsx
FN:7,(anonymous_0)
FN:8,(anonymous_1)
FN:13,(anonymous_2)
FN:23,(anonymous_3)
FN:35,(anonymous_4)
FN:39,(anonymous_5)
FN:45,(anonymous_6)
FN:49,(anonymous_7)
FN:54,(anonymous_8)
FN:59,(anonymous_9)
FN:60,(anonymous_10)
FN:67,(anonymous_11)
FN:74,(anonymous_12)
FN:81,(anonymous_13)
FN:88,(anonymous_14)
FN:90,(anonymous_15)
FN:98,(anonymous_16)
FN:103,(anonymous_17)
FN:107,(anonymous_18)
FN:135,(anonymous_19)
FNF:20
FNH:20
FNDA:11,(anonymous_0)
FNDA:11,(anonymous_1)
FNDA:6,(anonymous_2)
FNDA:3,(anonymous_3)
FNDA:6,(anonymous_4)
FNDA:1,(anonymous_5)
FNDA:5,(anonymous_6)
FNDA:3,(anonymous_7)
FNDA:3,(anonymous_8)
FNDA:2,(anonymous_9)
FNDA:1,(anonymous_10)
FNDA:1,(anonymous_11)
FNDA:1,(anonymous_12)
FNDA:1,(anonymous_13)
FNDA:1,(anonymous_14)
FNDA:6,(anonymous_15)
FNDA:1,(anonymous_16)
FNDA:22,(anonymous_17)
FNDA:116,(anonymous_18)
FNDA:33,(anonymous_19)
DA:7,1
DA:8,11
DA:9,11
DA:10,11
DA:13,11
DA:14,6
DA:17,11
DA:18,11
DA:19,11
DA:20,11
DA:21,11
DA:23,11
DA:24,3
DA:25,3
DA:26,3
DA:28,3
DA:35,11
DA:36,6
DA:39,11
DA:40,1
DA:43,11
DA:45,5
DA:49,11
DA:50,3
DA:51,3
DA:54,11
DA:55,3
DA:56,3
DA:59,11
DA:60,2
DA:61,1
DA:62,1
DA:64,2
DA:67,11
DA:68,1
DA:74,1
DA:78,1
DA:81,11
DA:82,1
DA:88,1
DA:91,6
DA:94,1
DA:95,1
DA:98,11
DA:99,1
DA:100,1
DA:103,11
DA:104,22
DA:107,22
DA:108,116
DA:109,116
DA:113,11
DA:136,33
LF:53
LH:53
BRDA:10,0,0,10
BRDA:10,0,1,1
BRDA:24,1,0,3
BRDA:24,1,1,0
BRDA:43,2,0,1
BRDA:43,2,1,10
BRDA:61,3,0,1
BRDA:61,3,1,0
BRDA:91,4,0,1
BRDA:91,4,1,5
BRDA:104,5,0,2
BRDA:104,5,1,20
BRDA:151,6,0,11
BRDA:151,6,1,3
BRDA:153,7,0,1
BRDA:153,7,1,2
BRDA:164,8,0,1
BRDA:164,8,1,10
BRF:18
BRH:16
end_of_record
TN:
SF:src/calculateBenefitsCost.js
FN:1,(anonymous_0)
FN:6,(anonymous_1)
FN:11,(anonymous_2)
FNF:3
FNH:3
FNDA:177,(anonymous_0)
FNDA:426,(anonymous_1)
FNDA:249,(anonymous_2)
DA:1,2
DA:2,177
DA:3,177
DA:4,177
DA:6,426
DA:8,177
DA:9,177
DA:10,177
DA:12,249
DA:17,177
DA:18,177
LF:11
LH:11
BRDA:6,0,0,95
BRDA:6,0,1,331
BRDA:9,1,0,177
BRDA:9,1,1,0
BRDA:9,2,0,177
BRDA:9,2,1,177
BRF:6
BRH:5
end_of_record
TN:
SF:src/components/EmployeeEditor.jsx
FN:3,(anonymous_0)
FN:14,(anonymous_1)
FN:27,(anonymous_2)
FN:31,(anonymous_3)
FN:32,(anonymous_4)
FN:41,(anonymous_5)
FN:42,(anonymous_6)
FN:45,(anonymous_7)
FN:57,(anonymous_8)
FN:80,(anonymous_9)
FN:97,(anonymous_10)
FN:100,(anonymous_11)
FN:109,(anonymous_12)
FN:120,(anonymous_13)
FN:129,(anonymous_14)
FN:138,(anonymous_15)
FNF:16
FNH:8
FNDA:9,(anonymous_0)
FNDA:3,(anonymous_1)
FNDA:0,(anonymous_2)
FNDA:0,(anonymous_3)
FNDA:0,(anonymous_4)
FNDA:0,(anonymous_5)
FNDA:0,(anonymous_6)
FNDA:2,(anonymous_7)
FNDA:1,(anonymous_8)
FNDA:2,(anonymous_9)
FNDA:1,(anonymous_10)
FNDA:27,(anonymous_11)
FNDA:2,(anonymous_12)
FNDA:0,(anonymous_13)
FNDA:0,(anonymous_14)
FNDA:0,(anonymous_15)
DA:3,1
DA:9,9
DA:10,9
DA:11,9
DA:12,9
DA:14,9
DA:15,3
DA:16,1
DA:17,1
DA:18,1
DA:19,1
DA:21,2
DA:22,2
DA:23,2
DA:27,9
DA:28,0
DA:31,9
DA:32,0
DA:33,0
DA:34,0
DA:36,0
DA:38,0
DA:41,9
DA:42,0
DA:45,9
DA:46,2
DA:47,2
DA:48,2
DA:49,2
DA:50,2
DA:51,2
DA:53,0
DA:57,9
DA:58,1
DA:59,1
DA:62,9
DA:80,2
DA:97,1
DA:101,27
DA:110,2
DA:121,0
DA:130,0
DA:138,0
LF:43
LH:32
BRDA:15,0,0,1
BRDA:15,0,1,2
BRDA:19,1,0,1
BRDA:19,1,1,0
BRDA:33,2,0,0
BRDA:33,2,1,0
BRDA:47,3,0,2
BRDA:47,3,1,0
BRDA:47,4,0,2
BRDA:47,4,1,2
BRDA:160,5,0,3
BRDA:160,5,1,6
BRF:12
BRH:8
end_of_record
TN:
SF:src/components/EmployeeList.jsx
FN:4,(anonymous_0)
FN:9,(anonymous_1)
FN:20,(anonymous_2)
FN:26,(anonymous_3)
FNF:4
FNH:4
FNDA:11,(anonymous_0)
FNDA:58,(anonymous_1)
FNDA:82,(anonymous_2)
FNDA:1,(anonymous_3)
DA:4,1
DA:5,11
DA:10,58
DA:12,58
DA:20,82
DA:26,1
LF:6
LH:6
BRDA:19,0,0,58
BRDA:19,0,1,58
BRF:2
BRH:2
end_of_record
